<?xml version="1.0" encoding="UTF-8"?>
<!-- Generated by org.testng.reporters.JUnitReportReporter -->
<testsuite name="ej.finsys.modules.Launch" tests="9" time="144.604" ignored="18" failures="0" timestamp="19 Aug 2018 15:02:18 GMT" skipped="0" hostname="DESKTOP-IUV45J7" errors="0">
  <testcase name="ExecuteLaunch" time="13.686" classname="ej.finsys.modules.Launch"/>
  <testcase name="ExecuteLaunch" time="12.019" classname="ej.finsys.modules.Launch"/>
  <testcase name="ExecuteLaunch" time="17.039" classname="ej.finsys.modules.Launch"/>
  <testcase name="ExecuteLaunch" time="14.021" classname="ej.finsys.modules.Launch"/>
  <testcase name="ExecuteLaunch" time="12.445" classname="ej.finsys.modules.Launch"/>
  <testcase name="ExecuteLaunch" time="35.786" classname="ej.finsys.modules.Launch"/>
  <testcase name="ExecuteLaunch" time="13.838" classname="ej.finsys.modules.Launch"/>
  <testcase name="ExecuteLaunch" time="12.075" classname="ej.finsys.modules.Launch"/>
  <testcase name="ExecuteLaunch" time="13.695" classname="ej.finsys.modules.Launch"/>
  <testcase name="ExecuteLogin" classname="ej.finsys.modules.Login">
    <skipped/>
  </testcase> <!-- ExecuteLogin -->
  <testcase name="ExecuteLogin" classname="ej.finsys.modules.Login">
    <skipped/>
  </testcase> <!-- ExecuteLogin -->
  <testcase name="ExecuteLogin" classname="ej.finsys.modules.Login">
    <skipped/>
  </testcase> <!-- ExecuteLogin -->
  <testcase name="ExecuteLogin" classname="ej.finsys.modules.Login">
    <skipped/>
  </testcase> <!-- ExecuteLogin -->
  <testcase name="ExecuteLogin" classname="ej.finsys.modules.Login">
    <skipped/>
  </testcase> <!-- ExecuteLogin -->
  <testcase name="ExecuteLogin" classname="ej.finsys.modules.Login">
    <skipped/>
  </testcase> <!-- ExecuteLogin -->
  <testcase name="Executeloginwithinvalid" classname="ej.finsys.modules.Login">
    <skipped/>
  </testcase> <!-- Executeloginwithinvalid -->
  <testcase name="Executeloginwithinvalid" classname="ej.finsys.modules.Login">
    <skipped/>
  </testcase> <!-- Executeloginwithinvalid -->
  <testcase name="Executeloginwithinvalid" classname="ej.finsys.modules.Login">
    <skipped/>
  </testcase> <!-- Executeloginwithinvalid -->
  <testcase name="Executeloginwithinvalid" classname="ej.finsys.modules.Login">
    <skipped/>
  </testcase> <!-- Executeloginwithinvalid -->
  <testcase name="Executeloginwithinvalid" classname="ej.finsys.modules.Login">
    <skipped/>
  </testcase> <!-- Executeloginwithinvalid -->
  <testcase name="Executeloginwithinvalid" classname="ej.finsys.modules.Login">
    <skipped/>
  </testcase> <!-- Executeloginwithinvalid -->
  <testcase name="Executeloginwithinvalid" classname="ej.finsys.modules.Login">
    <skipped/>
  </testcase> <!-- Executeloginwithinvalid -->
  <testcase name="Executeloginwithinvalid" classname="ej.finsys.modules.Login">
    <skipped/>
  </testcase> <!-- Executeloginwithinvalid -->
  <testcase name="ExecuteLogin2" classname="ej.finsys.modules.Login">
    <skipped/>
  </testcase> <!-- ExecuteLogin2 -->
  <testcase name="ExecuteLogin2" classname="ej.finsys.modules.Login">
    <skipped/>
  </testcase> <!-- ExecuteLogin2 -->
  <testcase name="ExecuteLogin2" classname="ej.finsys.modules.Login">
    <skipped/>
  </testcase> <!-- ExecuteLogin2 -->
  <testcase name="ExecuteLogin2" classname="ej.finsys.modules.Login">
    <skipped/>
  </testcase> <!-- ExecuteLogin2 -->
</testsuite> <!-- ej.finsys.modules.Launch -->
