<?xml version="1.0" encoding="UTF-8"?>
<!-- Generated by org.testng.reporters.JUnitReportReporter -->
<testsuite name="ej.finsys.utility.Close_browser" tests="9" time="98.068" ignored="18" failures="0" timestamp="19 Aug 2018 15:02:18 GMT" skipped="0" hostname="DESKTOP-IUV45J7" errors="0">
  <testcase name="closebrowser" time="12.396" classname="ej.finsys.utility.Close_browser"/>
  <testcase name="closebrowser" time="10.105" classname="ej.finsys.utility.Close_browser"/>
  <testcase name="closebrowser" time="10.074" classname="ej.finsys.utility.Close_browser"/>
  <testcase name="closebrowser" time="12.405" classname="ej.finsys.utility.Close_browser"/>
  <testcase name="closebrowser" time="10.092" classname="ej.finsys.utility.Close_browser"/>
  <testcase name="closebrowser" time="12.366" classname="ej.finsys.utility.Close_browser"/>
  <testcase name="closebrowser" time="10.089" classname="ej.finsys.utility.Close_browser"/>
  <testcase name="closebrowser" time="10.359" classname="ej.finsys.utility.Close_browser"/>
  <testcase name="closebrowser" time="10.182" classname="ej.finsys.utility.Close_browser"/>
  <testcase name="ExecuteLogin" classname="ej.finsys.modules.Login">
    <skipped/>
  </testcase> <!-- ExecuteLogin -->
  <testcase name="ExecuteLogin" classname="ej.finsys.modules.Login">
    <skipped/>
  </testcase> <!-- ExecuteLogin -->
  <testcase name="ExecuteLogin" classname="ej.finsys.modules.Login">
    <skipped/>
  </testcase> <!-- ExecuteLogin -->
  <testcase name="ExecuteLogin" classname="ej.finsys.modules.Login">
    <skipped/>
  </testcase> <!-- ExecuteLogin -->
  <testcase name="ExecuteLogin" classname="ej.finsys.modules.Login">
    <skipped/>
  </testcase> <!-- ExecuteLogin -->
  <testcase name="ExecuteLogin" classname="ej.finsys.modules.Login">
    <skipped/>
  </testcase> <!-- ExecuteLogin -->
  <testcase name="Executeloginwithinvalid" classname="ej.finsys.modules.Login">
    <skipped/>
  </testcase> <!-- Executeloginwithinvalid -->
  <testcase name="Executeloginwithinvalid" classname="ej.finsys.modules.Login">
    <skipped/>
  </testcase> <!-- Executeloginwithinvalid -->
  <testcase name="Executeloginwithinvalid" classname="ej.finsys.modules.Login">
    <skipped/>
  </testcase> <!-- Executeloginwithinvalid -->
  <testcase name="Executeloginwithinvalid" classname="ej.finsys.modules.Login">
    <skipped/>
  </testcase> <!-- Executeloginwithinvalid -->
  <testcase name="Executeloginwithinvalid" classname="ej.finsys.modules.Login">
    <skipped/>
  </testcase> <!-- Executeloginwithinvalid -->
  <testcase name="Executeloginwithinvalid" classname="ej.finsys.modules.Login">
    <skipped/>
  </testcase> <!-- Executeloginwithinvalid -->
  <testcase name="Executeloginwithinvalid" classname="ej.finsys.modules.Login">
    <skipped/>
  </testcase> <!-- Executeloginwithinvalid -->
  <testcase name="Executeloginwithinvalid" classname="ej.finsys.modules.Login">
    <skipped/>
  </testcase> <!-- Executeloginwithinvalid -->
  <testcase name="ExecuteLogin2" classname="ej.finsys.modules.Login">
    <skipped/>
  </testcase> <!-- ExecuteLogin2 -->
  <testcase name="ExecuteLogin2" classname="ej.finsys.modules.Login">
    <skipped/>
  </testcase> <!-- ExecuteLogin2 -->
  <testcase name="ExecuteLogin2" classname="ej.finsys.modules.Login">
    <skipped/>
  </testcase> <!-- ExecuteLogin2 -->
  <testcase name="ExecuteLogin2" classname="ej.finsys.modules.Login">
    <skipped/>
  </testcase> <!-- ExecuteLogin2 -->
</testsuite> <!-- ej.finsys.utility.Close_browser -->
