<?xml version="1.0" encoding="UTF-8"?>
<!-- Generated by org.testng.reporters.JUnitReportReporter -->
<testsuite name="ej.finsys.utility.Close_browser" tests="3" time="30.242" ignored="6" failures="0" timestamp="03 Aug 2018 05:50:05 GMT" skipped="0" hostname="DESKTOP-IUV45J7" errors="0">
  <testcase name="closebrowser" time="10.075" classname="ej.finsys.utility.Close_browser"/>
  <testcase name="closebrowser" time="10.098" classname="ej.finsys.utility.Close_browser"/>
  <testcase name="closebrowser" time="10.069" classname="ej.finsys.utility.Close_browser"/>
  <testcase name="Executeloginwithinvalid" classname="ej.finsys.modules.Login">
    <skipped/>
  </testcase> <!-- Executeloginwithinvalid -->
  <testcase name="Executeloginwithinvalid" classname="ej.finsys.modules.Login">
    <skipped/>
  </testcase> <!-- Executeloginwithinvalid -->
  <testcase name="Executeloginwithinvalid" classname="ej.finsys.modules.Login">
    <skipped/>
  </testcase> <!-- Executeloginwithinvalid -->
  <testcase name="ExecuteLogin2" classname="ej.finsys.modules.Login">
    <skipped/>
  </testcase> <!-- ExecuteLogin2 -->
  <testcase name="ExecuteLogin2" classname="ej.finsys.modules.Login">
    <skipped/>
  </testcase> <!-- ExecuteLogin2 -->
  <testcase name="ExecuteLogin2" classname="ej.finsys.modules.Login">
    <skipped/>
  </testcase> <!-- ExecuteLogin2 -->
</testsuite> <!-- ej.finsys.utility.Close_browser -->
