<?xml version="1.0" encoding="UTF-8"?>
<!-- Generated by org.testng.reporters.JUnitReportReporter -->
<testsuite name="ej.finsys.modules.Launch" tests="3" time="36.842" ignored="6" failures="0" timestamp="03 Aug 2018 05:50:05 GMT" skipped="0" hostname="DESKTOP-IUV45J7" errors="0">
  <testcase name="ExecuteLaunch" time="12.734" classname="ej.finsys.modules.Launch"/>
  <testcase name="ExecuteLaunch" time="12.062" classname="ej.finsys.modules.Launch"/>
  <testcase name="ExecuteLaunch" time="12.046" classname="ej.finsys.modules.Launch"/>
  <testcase name="Executeloginwithinvalid" classname="ej.finsys.modules.Login">
    <skipped/>
  </testcase> <!-- Executeloginwithinvalid -->
  <testcase name="Executeloginwithinvalid" classname="ej.finsys.modules.Login">
    <skipped/>
  </testcase> <!-- Executeloginwithinvalid -->
  <testcase name="Executeloginwithinvalid" classname="ej.finsys.modules.Login">
    <skipped/>
  </testcase> <!-- Executeloginwithinvalid -->
  <testcase name="ExecuteLogin2" classname="ej.finsys.modules.Login">
    <skipped/>
  </testcase> <!-- ExecuteLogin2 -->
  <testcase name="ExecuteLogin2" classname="ej.finsys.modules.Login">
    <skipped/>
  </testcase> <!-- ExecuteLogin2 -->
  <testcase name="ExecuteLogin2" classname="ej.finsys.modules.Login">
    <skipped/>
  </testcase> <!-- ExecuteLogin2 -->
</testsuite> <!-- ej.finsys.modules.Launch -->
